<?xml version="1.0" encoding="UTF-8"?>
<!-- Generated by org.testng.reporters.JUnitReportReporter -->
<testsuite hostname="LAPTOP-MCD7NC7L" failures="0" tests="1" name="securepay.challenge.MainTest" time="38.936" errors="0" timestamp="2022-06-06T21:20:38 AEST" skipped="0">
  <testcase classname="securepay.challenge.MainTest" name="basePageNavigation" time="38.936"/>
  <system-out/>
</testsuite> <!-- securepay.challenge.MainTest -->
